<?xml version="1.0" encoding="UTF-8"?>
<!-- Generated by org.testng.reporters.JUnitReportReporter -->
<testsuite skipped="4" hostname="DESKTOP-QO8NR3E" name="Page_objects.Testng_WebDriver_Testcase" tests="5" failures="0" timestamp="2021-04-23T00:47:27 IST" time="0.125" errors="1">
  <testcase name="Tc004_Verify_Facebook_Lite_page_link" time="0.000" classname="Page_objects.Testng_WebDriver_Testcase">
    <skipped/>
  </testcase> <!-- Tc004_Verify_Facebook_Lite_page_link -->
  <system-out/>
  <testcase name="Tc001_Verify_signup_page_link" time="0.000" classname="Page_objects.Testng_WebDriver_Testcase">
    <skipped/>
  </testcase> <!-- Tc001_Verify_signup_page_link -->
  <system-out/>
  <testcase name="Tc003_Verify_Messenger_page_link" time="0.000" classname="Page_objects.Testng_WebDriver_Testcase">
    <skipped/>
  </testcase> <!-- Tc003_Verify_Messenger_page_link -->
  <system-out/>
  <testcase name="beforeClass" time="0.125" classname="Page_objects.Testng_WebDriver_Testcase">
    <error type="java.lang.IllegalStateException" message="The driver executable does not exist: C:\Users\raju\Desktop\framework\OpenHRMapplication\divers\chromedriver.exe">
      <![CDATA[java.lang.IllegalStateException: The driver executable does not exist: C:\Users\raju\Desktop\framework\OpenHRMapplication\divers\chromedriver.exe
at com.google.common.base.Preconditions.checkState(Preconditions.java:585)
at org.openqa.selenium.remote.service.DriverService.checkExecutable(DriverService.java:146)
at org.openqa.selenium.remote.service.DriverService.findExecutable(DriverService.java:141)
at org.openqa.selenium.chrome.ChromeDriverService.access$000(ChromeDriverService.java:35)
at org.openqa.selenium.chrome.ChromeDriverService$Builder.findDefaultExecutable(ChromeDriverService.java:159)
at org.openqa.selenium.remote.service.DriverService$Builder.build(DriverService.java:355)
at org.openqa.selenium.chrome.ChromeDriverService.createDefaultService(ChromeDriverService.java:94)
at org.openqa.selenium.chrome.ChromeDriver.<init>(ChromeDriver.java:123)
at Page_objects.Testng_WebDriver_Testcase.beforeClass(Testng_WebDriver_Testcase.java:91)
at sun.reflect.NativeMethodAccessorImpl.invoke0(Native Method)
at sun.reflect.NativeMethodAccessorImpl.invoke(Unknown Source)
at sun.reflect.DelegatingMethodAccessorImpl.invoke(Unknown Source)
at java.lang.reflect.Method.invoke(Unknown Source)
at org.testng.internal.MethodInvocationHelper.invokeMethod(MethodInvocationHelper.java:132)
at org.testng.internal.MethodInvocationHelper.invokeMethodConsideringTimeout(MethodInvocationHelper.java:61)
at org.testng.internal.ConfigInvoker.invokeConfigurationMethod(ConfigInvoker.java:366)
at org.testng.internal.ConfigInvoker.invokeConfigurations(ConfigInvoker.java:320)
at org.testng.internal.TestMethodWorker.invokeBeforeClassMethods(TestMethodWorker.java:176)
at org.testng.internal.TestMethodWorker.run(TestMethodWorker.java:122)
at java.util.ArrayList.forEach(Unknown Source)
at org.testng.TestRunner.privateRun(TestRunner.java:764)
at org.testng.TestRunner.run(TestRunner.java:585)
at org.testng.SuiteRunner.runTest(SuiteRunner.java:384)
at org.testng.SuiteRunner.runSequentially(SuiteRunner.java:378)
at org.testng.SuiteRunner.privateRun(SuiteRunner.java:337)
at org.testng.SuiteRunner.run(SuiteRunner.java:286)
at org.testng.SuiteRunnerWorker.runSuite(SuiteRunnerWorker.java:53)
at org.testng.SuiteRunnerWorker.run(SuiteRunnerWorker.java:96)
at org.testng.TestNG.runSuitesSequentially(TestNG.java:1218)
at org.testng.TestNG.runSuitesLocally(TestNG.java:1140)
at org.testng.TestNG.runSuites(TestNG.java:1069)
at org.testng.TestNG.run(TestNG.java:1037)
at org.testng.remote.AbstractRemoteTestNG.run(AbstractRemoteTestNG.java:115)
at org.testng.remote.RemoteTestNG.initAndRun(RemoteTestNG.java:251)
at org.testng.remote.RemoteTestNG.main(RemoteTestNG.java:77)
]]>
    </error>
  </testcase> <!-- beforeClass -->
  <system-out/>
  <testcase name="Tc002_Verify_signIn_page_link" time="0.000" classname="Page_objects.Testng_WebDriver_Testcase">
    <skipped/>
  </testcase> <!-- Tc002_Verify_signIn_page_link -->
  <system-out/>
</testsuite> <!-- Page_objects.Testng_WebDriver_Testcase -->
